<?xml version="1.0" encoding="UTF-8"?>
<testsuite name="FlyNetContractTest$GetFLight" tests="2" skipped="0" failures="0" errors="0" timestamp="2021-05-13T21:00:02" hostname="joe-virtual-machine" time="0.682">
  <properties/>
  <testcase name="notInLedger()" classname="FlyNetContractTest$GetFLight" time="0.67"/>
  <testcase name="presentInLedger()" classname="FlyNetContractTest$GetFLight" time="0.008"/>
  <system-out><![CDATA[]]></system-out>
  <system-err><![CDATA[]]></system-err>
</testsuite>
