<?xml version="1.0" encoding="UTF-8"?>
<testsuite name="FlyNetContractTest$GetAllFLights" tests="5" skipped="0" failures="0" errors="0" timestamp="2021-05-13T21:00:03" hostname="joe-virtual-machine" time="0.046">
  <properties/>
  <testcase name="ec2Flight_bs2Flight()" classname="FlyNetContractTest$GetAllFLights" time="0.008"/>
  <testcase name="ec1Flight_bsEmpty()" classname="FlyNetContractTest$GetAllFLights" time="0.012"/>
  <testcase name="noFlights()" classname="FlyNetContractTest$GetAllFLights" time="0.004"/>
  <testcase name="ec1Flight_bs1Flight()" classname="FlyNetContractTest$GetAllFLights" time="0.004"/>
  <testcase name="ec2Flights_bs1Flight()" classname="FlyNetContractTest$GetAllFLights" time="0.006"/>
  <system-out><![CDATA[]]></system-out>
  <system-err><![CDATA[]]></system-err>
</testsuite>
